#
# There is insufficient memory for the Java Runtime Environment to continue.
# Native memory allocation (malloc) failed to allocate 1861296 bytes for Chunk::new
# Possible reasons:
#   The system is out of physical RAM or swap space
#   The process is running with CompressedOops enabled, and the Java Heap may be blocking the growth of the native heap
# Possible solutions:
#   Reduce memory load on the system
#   Increase physical memory or swap space
#   Check if swap backing store is full
#   Decrease Java heap size (-Xmx/-Xms)
#   Decrease number of Java threads
#   Decrease Java thread stack sizes (-Xss)
#   Set larger code cache with -XX:ReservedCodeCacheSize=
#   JVM is running with Unscaled Compressed Oops mode in which the Java heap is
#     placed in the first 4GB address space. The Java Heap base address is the
#     maximum limit for the native heap growth. Please use -XX:HeapBaseMinAddress
#     to set the Java Heap base and to place the Java Heap above 4GB virtual address.
# This output file may be truncated or incomplete.
#
#  Out of Memory Error (./src/hotspot/share/memory/arena.cpp:197), pid=12164, tid=25632
#
# JRE version: OpenJDK Runtime Environment (11.0.12+7) (build 11.0.12+7-b1504.28-7817840)
# Java VM: OpenJDK 64-Bit Server VM (11.0.12+7-b1504.28-7817840, mixed mode, tiered, compressed oops, g1 gc, windows-amd64)
# No core dump will be written. Minidumps are not enabled by default on client versions of Windows
#

---------------  S U M M A R Y ------------

Command Line: --add-opens=java.base/java.util=ALL-UNNAMED --add-opens=java.base/java.lang=ALL-UNNAMED --add-opens=java.base/java.lang.invoke=ALL-UNNAMED --add-opens=java.base/java.util=ALL-UNNAMED --add-opens=java.prefs/java.util.prefs=ALL-UNNAMED --add-opens=java.prefs/java.util.prefs=ALL-UNNAMED --add-opens=java.base/java.nio.charset=ALL-UNNAMED --add-opens=java.base/java.net=ALL-UNNAMED --add-opens=java.base/java.util.concurrent.atomic=ALL-UNNAMED -Xmx2048m -Dfile.encoding=UTF-8 -Duser.country=KR -Duser.language=ko -Duser.variant org.gradle.launcher.daemon.bootstrap.GradleDaemon 7.0.2

Host: Intel(R) Core(TM) i5-10210U CPU @ 1.60GHz, 8 cores, 7G,  Windows 10 , 64 bit Build 19041 (10.0.19041.1889)
Time: Tue Sep  6 15:02:50 2022 대한민국 표준시 elapsed time: 10.001724 seconds (0d 0h 0m 10s)

---------------  T H R E A D  ---------------

Current thread (0x000001dd4c9e8800):  JavaThread "C2 CompilerThread0" daemon [_thread_in_native, id=25632, stack(0x0000002cf4c00000,0x0000002cf4d00000)]


Current CompileTask:
C2:  10001 3551       4       org.objectweb.asm.Frame::execute (2318 bytes)

Stack: [0x0000002cf4c00000,0x0000002cf4d00000]
Native frames: (J=compiled Java code, j=interpreted, Vv=VM code, C=native code)
V  [jvm.dll+0x5fbcea]
V  [jvm.dll+0x731905]
V  [jvm.dll+0x732f1d]
V  [jvm.dll+0x7335d3]
V  [jvm.dll+0x247bf8]
V  [jvm.dll+0xc018c]
V  [jvm.dll+0xc06cc]
V  [jvm.dll+0x35b2db]
V  [jvm.dll+0x328803]
V  [jvm.dll+0x327cfa]
V  [jvm.dll+0x200602]
V  [jvm.dll+0x1ff794]
V  [jvm.dll+0x18868c]
V  [jvm.dll+0x20e0d7]
V  [jvm.dll+0x20c901]
V  [jvm.dll+0x6f9b7f]
V  [jvm.dll+0x6f26a5]
V  [jvm.dll+0x5fabf6]
C  [ucrtbase.dll+0x21bb2]
C  [KERNEL32.DLL+0x17034]
C  [ntdll.dll+0x52651]


---------------  P R O C E S S  ---------------

Threads class SMR info:
_java_thread_list=0x000001dd4f32af90, length=35, elements={
0x000001dd2fc8d000, 0x000001dd4c0d4000, 0x000001dd4c0d7000, 0x000001dd4c102800,
0x000001dd4c103800, 0x000001dd4c104800, 0x000001dd4c9e8800, 0x000001dd4c9eb000,
0x000001dd4c9f9000, 0x000001dd4cb8e000, 0x000001dd4f37b000, 0x000001dd4cc60000,
0x000001dd4d2fd800, 0x000001dd4e79a800, 0x000001dd4ec16000, 0x000001dd4e9b1800,
0x000001dd4da32800, 0x000001dd4eb81800, 0x000001dd4eb04800, 0x000001dd4f9ec000,
0x000001dd4f9e6000, 0x000001dd4f9ea000, 0x000001dd4f9eb000, 0x000001dd4f9e8800,
0x000001dd4f9e7000, 0x000001dd4f9ec800, 0x000001dd4f9e7800, 0x000001dd4f9e9800,
0x000001dd50222800, 0x000001dd50224000, 0x000001dd50226800, 0x000001dd50224800,
0x000001dd50223000, 0x000001dd5022d800, 0x000001dd50229800
}

Java Threads: ( => current thread )
  0x000001dd2fc8d000 JavaThread "main" [_thread_blocked, id=26752, stack(0x0000002cf4000000,0x0000002cf4100000)]
  0x000001dd4c0d4000 JavaThread "Reference Handler" daemon [_thread_blocked, id=27024, stack(0x0000002cf4700000,0x0000002cf4800000)]
  0x000001dd4c0d7000 JavaThread "Finalizer" daemon [_thread_blocked, id=7880, stack(0x0000002cf4800000,0x0000002cf4900000)]
  0x000001dd4c102800 JavaThread "Signal Dispatcher" daemon [_thread_blocked, id=12032, stack(0x0000002cf4900000,0x0000002cf4a00000)]
  0x000001dd4c103800 JavaThread "Attach Listener" daemon [_thread_blocked, id=19140, stack(0x0000002cf4a00000,0x0000002cf4b00000)]
  0x000001dd4c104800 JavaThread "Service Thread" daemon [_thread_blocked, id=18012, stack(0x0000002cf4b00000,0x0000002cf4c00000)]
=>0x000001dd4c9e8800 JavaThread "C2 CompilerThread0" daemon [_thread_in_native, id=25632, stack(0x0000002cf4c00000,0x0000002cf4d00000)]
  0x000001dd4c9eb000 JavaThread "C1 CompilerThread0" daemon [_thread_in_native, id=2224, stack(0x0000002cf4d00000,0x0000002cf4e00000)]
  0x000001dd4c9f9000 JavaThread "Sweeper thread" daemon [_thread_blocked, id=22396, stack(0x0000002cf4e00000,0x0000002cf4f00000)]
  0x000001dd4cb8e000 JavaThread "Common-Cleaner" daemon [_thread_blocked, id=12000, stack(0x0000002cf4f00000,0x0000002cf5000000)]
  0x000001dd4f37b000 JavaThread "Daemon health stats" [_thread_blocked, id=9064, stack(0x0000002cf5500000,0x0000002cf5600000)]
  0x000001dd4cc60000 JavaThread "Incoming local TCP Connector on port 11913" [_thread_in_native, id=17688, stack(0x0000002cf5100000,0x0000002cf5200000)]
  0x000001dd4d2fd800 JavaThread "Daemon periodic checks" [_thread_blocked, id=20736, stack(0x0000002cf5200000,0x0000002cf5300000)]
  0x000001dd4e79a800 JavaThread "Daemon" [_thread_blocked, id=28416, stack(0x0000002cf5600000,0x0000002cf5700000)]
  0x000001dd4ec16000 JavaThread "Handler for socket connection from /127.0.0.1:11913 to /127.0.0.1:11914" [_thread_in_native, id=14676, stack(0x0000002cf5700000,0x0000002cf5800000)]
  0x000001dd4e9b1800 JavaThread "Cancel handler" [_thread_blocked, id=1224, stack(0x0000002cf5800000,0x0000002cf5900000)]
  0x000001dd4da32800 JavaThread "Daemon worker" [_thread_in_vm, id=25896, stack(0x0000002cf5900000,0x0000002cf5a00000)]
  0x000001dd4eb81800 JavaThread "Asynchronous log dispatcher for DefaultDaemonConnection: socket connection from /127.0.0.1:11913 to /127.0.0.1:11914" [_thread_blocked, id=11820, stack(0x0000002cf5a00000,0x0000002cf5b00000)]
  0x000001dd4eb04800 JavaThread "Stdin handler" [_thread_blocked, id=14104, stack(0x0000002cf5b00000,0x0000002cf5c00000)]
  0x000001dd4f9ec000 JavaThread "Daemon client event forwarder" [_thread_in_vm, id=15164, stack(0x0000002cf5c00000,0x0000002cf5d00000)]
  0x000001dd4f9e6000 JavaThread "Cache worker for file hash cache (C:\Users\yacka\.gradle\caches\7.0.2\fileHashes)" [_thread_blocked, id=21580, stack(0x0000002cf6200000,0x0000002cf6300000)]
  0x000001dd4f9ea000 JavaThread "File lock request listener" [_thread_in_native, id=8452, stack(0x0000002cf6300000,0x0000002cf6400000)]
  0x000001dd4f9eb000 JavaThread "Cache worker for journal cache (C:\Users\yacka\.gradle\caches\journal-1)" [_thread_blocked, id=3588, stack(0x0000002cf6500000,0x0000002cf6600000)]
  0x000001dd4f9e8800 JavaThread "Cache worker for file hash cache (C:\Users\yacka\Desktop\app-ANDA-android\.gradle\7.0.2\fileHashes)" [_thread_blocked, id=22128, stack(0x0000002cf6700000,0x0000002cf6800000)]
  0x000001dd4f9e7000 JavaThread "File watcher server" daemon [_thread_in_native, id=26268, stack(0x0000002cf6800000,0x0000002cf6900000)]
  0x000001dd4f9ec800 JavaThread "File watcher consumer" daemon [_thread_blocked, id=17720, stack(0x0000002cf6900000,0x0000002cf6a00000)]
  0x000001dd4f9e7800 JavaThread "Cache worker for checksums cache (C:\Users\yacka\Desktop\app-ANDA-android\.gradle\checksums)" [_thread_blocked, id=27992, stack(0x0000002cf6a00000,0x0000002cf6b00000)]
  0x000001dd4f9e9800 JavaThread "Cache worker for cache directory md-supplier (C:\Users\yacka\.gradle\caches\7.0.2\md-supplier)" [_thread_blocked, id=8148, stack(0x0000002cf6b00000,0x0000002cf6c00000)]
  0x000001dd50222800 JavaThread "Cache worker for cache directory md-rule (C:\Users\yacka\.gradle\caches\7.0.2\md-rule)" [_thread_blocked, id=15112, stack(0x0000002cf6d00000,0x0000002cf6e00000)]
  0x000001dd50224000 JavaThread "Cache worker for execution history cache (C:\Users\yacka\.gradle\caches\7.0.2\executionHistory)" [_thread_blocked, id=16868, stack(0x0000002cf6e00000,0x0000002cf6f00000)]
  0x000001dd50226800 JavaThread "jar transforms" [_thread_blocked, id=28604, stack(0x0000002cf6f00000,0x0000002cf7000000)]
  0x000001dd50224800 JavaThread "jar transforms Thread 2" [_thread_blocked, id=19248, stack(0x0000002cf7000000,0x0000002cf7100000)]
  0x000001dd50223000 JavaThread "Cache worker for file content cache (C:\Users\yacka\.gradle\caches\7.0.2\fileContent)" [_thread_blocked, id=13036, stack(0x0000002cf7100000,0x0000002cf7200000)]
  0x000001dd5022d800 JavaThread "Cache worker for dependencies-accessors (C:\Users\yacka\Desktop\app-ANDA-android\.gradle\7.0.2\dependencies-accessors)" [_thread_blocked, id=5760, stack(0x0000002cf6600000,0x0000002cf6700000)]
  0x000001dd50229800 JavaThread "C2 CompilerThread1" daemon [_thread_blocked, id=13128, stack(0x0000002cf6c00000,0x0000002cf6d00000)]

Other Threads:
  0x000001dd4c0d2000 VMThread "VM Thread" [stack: 0x0000002cf4600000,0x0000002cf4700000] [id=13508]
  0x000001dd4cbc0800 WatcherThread [stack: 0x0000002cf5000000,0x0000002cf5100000] [id=14684]
  0x000001dd2fca7800 GCTaskThread "GC Thread#0" [stack: 0x0000002cf4100000,0x0000002cf4200000] [id=27068]
  0x000001dd4d9dc800 GCTaskThread "GC Thread#1" [stack: 0x0000002cf5300000,0x0000002cf5400000] [id=15564]
  0x000001dd4dd50800 GCTaskThread "GC Thread#2" [stack: 0x0000002cf5400000,0x0000002cf5500000] [id=21128]
  0x000001dd4da33000 GCTaskThread "GC Thread#3" [stack: 0x0000002cf5d00000,0x0000002cf5e00000] [id=27004]
  0x000001dd4ee7a000 GCTaskThread "GC Thread#4" [stack: 0x0000002cf5e00000,0x0000002cf5f00000] [id=2740]
  0x000001dd4dbfe800 GCTaskThread "GC Thread#5" [stack: 0x0000002cf5f00000,0x0000002cf6000000] [id=2796]
  0x000001dd4e990000 GCTaskThread "GC Thread#6" [stack: 0x0000002cf6000000,0x0000002cf6100000] [id=6216]
  0x000001dd4e991000 GCTaskThread "GC Thread#7" [stack: 0x0000002cf6100000,0x0000002cf6200000] [id=8500]
  0x000001dd2fcd7800 ConcurrentGCThread "G1 Main Marker" [stack: 0x0000002cf4200000,0x0000002cf4300000] [id=28584]
  0x000001dd2fcd9800 ConcurrentGCThread "G1 Conc#0" [stack: 0x0000002cf4300000,0x0000002cf4400000] [id=13992]
  0x000001dd4ebe1000 ConcurrentGCThread "G1 Conc#1" [stack: 0x0000002cf6400000,0x0000002cf6500000] [id=26988]
  0x000001dd4bf20800 ConcurrentGCThread "G1 Refine#0" [stack: 0x0000002cf4400000,0x0000002cf4500000] [id=12512]
  0x000001dd4bf21800 ConcurrentGCThread "G1 Young RemSet Sampling" [stack: 0x0000002cf4500000,0x0000002cf4600000] [id=4120]

Threads with active compile tasks:
C2 CompilerThread0  10070 3551       4       org.objectweb.asm.Frame::execute (2318 bytes)

VM state:not at safepoint (normal execution)

VM Mutex/Monitor currently owned by a thread: None

Heap address: 0x0000000080000000, size: 2048 MB, Compressed Oops mode: 32-bit
Narrow klass base: 0x0000000000000000, Narrow klass shift: 3
Compressed class space size: 1073741824 Address: 0x0000000100000000

Heap:
 garbage-first heap   total 129024K, used 39379K [0x0000000080000000, 0x0000000100000000)
  region size 1024K, 21 young (21504K), 7 survivors (7168K)
 Metaspace       used 39578K, capacity 40502K, committed 40832K, reserved 1085440K
  class space    used 5056K, capacity 5390K, committed 5504K, reserved 1048576K
Heap Regions: E=young(eden), S=young(survivor), O=old, HS=humongous(starts), HC=humongous(continues), CS=collection set, F=free, A=archive, TAMS=top-at-mark-start (previous, next)
|   0|0x0000000080000000, 0x0000000080100000, 0x0000000080100000|100%| O|  |TAMS 0x0000000080100000, 0x0000000080000000| Untracked 
|   1|0x0000000080100000, 0x0000000080200000, 0x0000000080200000|100%| O|  |TAMS 0x0000000080200000, 0x0000000080100000| Untracked 
|   2|0x0000000080200000, 0x0000000080300000, 0x0000000080300000|100%| O|  |TAMS 0x0000000080300000, 0x0000000080200000| Untracked 
|   3|0x0000000080300000, 0x0000000080400000, 0x0000000080400000|100%|HS|  |TAMS 0x0000000080400000, 0x0000000080300000| Complete 
|   4|0x0000000080400000, 0x0000000080500000, 0x0000000080500000|100%|HC|  |TAMS 0x0000000080500000, 0x0000000080400000| Complete 
|   5|0x0000000080500000, 0x0000000080600000, 0x0000000080600000|100%|HC|  |TAMS 0x0000000080600000, 0x0000000080500000| Complete 
|   6|0x0000000080600000, 0x0000000080700000, 0x0000000080700000|100%| O|  |TAMS 0x0000000080700000, 0x0000000080600000| Untracked 
|   7|0x0000000080700000, 0x0000000080800000, 0x0000000080800000|100%| O|  |TAMS 0x0000000080800000, 0x0000000080700000| Untracked 
|   8|0x0000000080800000, 0x0000000080900000, 0x0000000080900000|100%| O|  |TAMS 0x0000000080900000, 0x0000000080800000| Untracked 
|   9|0x0000000080900000, 0x0000000080a00000, 0x0000000080a00000|100%| O|  |TAMS 0x0000000080a00000, 0x0000000080900000| Untracked 
|  10|0x0000000080a00000, 0x0000000080b00000, 0x0000000080b00000|100%| O|  |TAMS 0x0000000080b00000, 0x0000000080a00000| Untracked 
|  11|0x0000000080b00000, 0x0000000080c00000, 0x0000000080c00000|100%| O|  |TAMS 0x0000000080c00000, 0x0000000080b00000| Untracked 
|  12|0x0000000080c00000, 0x0000000080d00000, 0x0000000080d00000|100%| O|  |TAMS 0x0000000080d00000, 0x0000000080c00000| Untracked 
|  13|0x0000000080d00000, 0x0000000080e00000, 0x0000000080e00000|100%| O|  |TAMS 0x0000000080e00000, 0x0000000080d00000| Untracked 
|  14|0x0000000080e00000, 0x0000000080f00000, 0x0000000080f00000|100%| O|  |TAMS 0x0000000080f00000, 0x0000000080e00000| Untracked 
|  15|0x0000000080f00000, 0x0000000081000000, 0x0000000081000000|100%| O|  |TAMS 0x0000000081000000, 0x0000000080f00000| Untracked 
|  16|0x0000000081000000, 0x0000000081100000, 0x0000000081100000|100%| O|  |TAMS 0x0000000081100000, 0x0000000081000000| Untracked 
|  17|0x0000000081100000, 0x0000000081200000, 0x0000000081200000|100%| O|  |TAMS 0x0000000081200000, 0x0000000081100000| Untracked 
|  18|0x0000000081200000, 0x0000000081200000, 0x0000000081300000|  0%| F|  |TAMS 0x0000000081200000, 0x0000000081200000| Untracked 
|  19|0x0000000081300000, 0x0000000081300000, 0x0000000081400000|  0%| F|  |TAMS 0x0000000081300000, 0x0000000081300000| Untracked 
|  20|0x0000000081400000, 0x0000000081400000, 0x0000000081500000|  0%| F|  |TAMS 0x0000000081400000, 0x0000000081400000| Untracked 
|  21|0x0000000081500000, 0x0000000081574e00, 0x0000000081600000| 45%| O|  |TAMS 0x0000000081500000, 0x0000000081500000| Untracked 
|  22|0x0000000081600000, 0x0000000081600000, 0x0000000081700000|  0%| F|  |TAMS 0x0000000081600000, 0x0000000081600000| Untracked 
|  23|0x0000000081700000, 0x0000000081700000, 0x0000000081800000|  0%| F|  |TAMS 0x0000000081700000, 0x0000000081700000| Untracked 
|  24|0x0000000081800000, 0x0000000081800000, 0x0000000081900000|  0%| F|  |TAMS 0x0000000081800000, 0x0000000081800000| Untracked 
|  25|0x0000000081900000, 0x0000000081900000, 0x0000000081a00000|  0%| F|  |TAMS 0x0000000081900000, 0x0000000081900000| Untracked 
|  26|0x0000000081a00000, 0x0000000081a00000, 0x0000000081b00000|  0%| F|  |TAMS 0x0000000081a00000, 0x0000000081a00000| Untracked 
|  27|0x0000000081b00000, 0x0000000081b00000, 0x0000000081c00000|  0%| F|  |TAMS 0x0000000081b00000, 0x0000000081b00000| Untracked 
|  28|0x0000000081c00000, 0x0000000081c00000, 0x0000000081d00000|  0%| F|  |TAMS 0x0000000081c00000, 0x0000000081c00000| Untracked 
|  29|0x0000000081d00000, 0x0000000081d00000, 0x0000000081e00000|  0%| F|  |TAMS 0x0000000081d00000, 0x0000000081d00000| Untracked 
|  30|0x0000000081e00000, 0x0000000081e00000, 0x0000000081f00000|  0%| F|  |TAMS 0x0000000081e00000, 0x0000000081e00000| Untracked 
|  31|0x0000000081f00000, 0x0000000081f00000, 0x0000000082000000|  0%| F|  |TAMS 0x0000000081f00000, 0x0000000081f00000| Untracked 
|  32|0x0000000082000000, 0x0000000082000000, 0x0000000082100000|  0%| F|  |TAMS 0x0000000082000000, 0x0000000082000000| Untracked 
|  33|0x0000000082100000, 0x0000000082100000, 0x0000000082200000|  0%| F|  |TAMS 0x0000000082100000, 0x0000000082100000| Untracked 
|  34|0x0000000082200000, 0x0000000082200000, 0x0000000082300000|  0%| F|  |TAMS 0x0000000082200000, 0x0000000082200000| Untracked 
|  35|0x0000000082300000, 0x0000000082300000, 0x0000000082400000|  0%| F|  |TAMS 0x0000000082300000, 0x0000000082300000| Untracked 
|  36|0x0000000082400000, 0x0000000082400000, 0x0000000082500000|  0%| F|  |TAMS 0x0000000082400000, 0x0000000082400000| Untracked 
|  37|0x0000000082500000, 0x0000000082500000, 0x0000000082600000|  0%| F|  |TAMS 0x0000000082500000, 0x0000000082500000| Untracked 
|  38|0x0000000082600000, 0x0000000082600000, 0x0000000082700000|  0%| F|  |TAMS 0x0000000082600000, 0x0000000082600000| Untracked 
|  39|0x0000000082700000, 0x0000000082700000, 0x0000000082800000|  0%| F|  |TAMS 0x0000000082700000, 0x0000000082700000| Untracked 
|  40|0x0000000082800000, 0x0000000082800000, 0x0000000082900000|  0%| F|  |TAMS 0x0000000082800000, 0x0000000082800000| Untracked 
|  41|0x0000000082900000, 0x0000000082900000, 0x0000000082a00000|  0%| F|  |TAMS 0x0000000082900000, 0x0000000082900000| Untracked 
|  42|0x0000000082a00000, 0x0000000082a00000, 0x0000000082b00000|  0%| F|  |TAMS 0x0000000082a00000, 0x0000000082a00000| Untracked 
|  43|0x0000000082b00000, 0x0000000082b00000, 0x0000000082c00000|  0%| F|  |TAMS 0x0000000082b00000, 0x0000000082b00000| Untracked 
|  44|0x0000000082c00000, 0x0000000082c00000, 0x0000000082d00000|  0%| F|  |TAMS 0x0000000082c00000, 0x0000000082c00000| Untracked 
|  45|0x0000000082d00000, 0x0000000082d00000, 0x0000000082e00000|  0%| F|  |TAMS 0x0000000082d00000, 0x0000000082d00000| Untracked 
|  46|0x0000000082e00000, 0x0000000082e00000, 0x0000000082f00000|  0%| F|  |TAMS 0x0000000082e00000, 0x0000000082e00000| Untracked 
|  47|0x0000000082f00000, 0x0000000082f00000, 0x0000000083000000|  0%| F|  |TAMS 0x0000000082f00000, 0x0000000082f00000| Untracked 
|  48|0x0000000083000000, 0x0000000083000000, 0x0000000083100000|  0%| F|  |TAMS 0x0000000083000000, 0x0000000083000000| Untracked 
|  49|0x0000000083100000, 0x0000000083100000, 0x0000000083200000|  0%| F|  |TAMS 0x0000000083100000, 0x0000000083100000| Untracked 
|  50|0x0000000083200000, 0x0000000083200000, 0x0000000083300000|  0%| F|  |TAMS 0x0000000083200000, 0x0000000083200000| Untracked 
|  51|0x0000000083300000, 0x0000000083300000, 0x0000000083400000|  0%| F|  |TAMS 0x0000000083300000, 0x0000000083300000| Untracked 
|  52|0x0000000083400000, 0x0000000083400000, 0x0000000083500000|  0%| F|  |TAMS 0x0000000083400000, 0x0000000083400000| Untracked 
|  53|0x0000000083500000, 0x0000000083500000, 0x0000000083600000|  0%| F|  |TAMS 0x0000000083500000, 0x0000000083500000| Untracked 
|  54|0x0000000083600000, 0x0000000083600000, 0x0000000083700000|  0%| F|  |TAMS 0x0000000083600000, 0x0000000083600000| Untracked 
|  55|0x0000000083700000, 0x0000000083700000, 0x0000000083800000|  0%| F|  |TAMS 0x0000000083700000, 0x0000000083700000| Untracked 
|  56|0x0000000083800000, 0x0000000083800000, 0x0000000083900000|  0%| F|  |TAMS 0x0000000083800000, 0x0000000083800000| Untracked 
|  57|0x0000000083900000, 0x0000000083900000, 0x0000000083a00000|  0%| F|  |TAMS 0x0000000083900000, 0x0000000083900000| Untracked 
|  58|0x0000000083a00000, 0x0000000083a00000, 0x0000000083b00000|  0%| F|  |TAMS 0x0000000083a00000, 0x0000000083a00000| Untracked 
|  59|0x0000000083b00000, 0x0000000083b00000, 0x0000000083c00000|  0%| F|  |TAMS 0x0000000083b00000, 0x0000000083b00000| Untracked 
|  60|0x0000000083c00000, 0x0000000083c00000, 0x0000000083d00000|  0%| F|  |TAMS 0x0000000083c00000, 0x0000000083c00000| Untracked 
|  61|0x0000000083d00000, 0x0000000083d00000, 0x0000000083e00000|  0%| F|  |TAMS 0x0000000083d00000, 0x0000000083d00000| Untracked 
|  62|0x0000000083e00000, 0x0000000083e00000, 0x0000000083f00000|  0%| F|  |TAMS 0x0000000083e00000, 0x0000000083e00000| Untracked 
|  63|0x0000000083f00000, 0x0000000083f00000, 0x0000000084000000|  0%| F|  |TAMS 0x0000000083f00000, 0x0000000083f00000| Untracked 
|  64|0x0000000084000000, 0x0000000084000000, 0x0000000084100000|  0%| F|  |TAMS 0x0000000084000000, 0x0000000084000000| Untracked 
|  65|0x0000000084100000, 0x0000000084100000, 0x0000000084200000|  0%| F|  |TAMS 0x0000000084100000, 0x0000000084100000| Untracked 
|  66|0x0000000084200000, 0x0000000084200000, 0x0000000084300000|  0%| F|  |TAMS 0x0000000084200000, 0x0000000084200000| Untracked 
|  67|0x0000000084300000, 0x0000000084300000, 0x0000000084400000|  0%| F|  |TAMS 0x0000000084300000, 0x0000000084300000| Untracked 
|  68|0x0000000084400000, 0x0000000084500000, 0x0000000084500000|100%| S|CS|TAMS 0x0000000084400000, 0x0000000084400000| Complete 
|  69|0x0000000084500000, 0x0000000084600000, 0x0000000084600000|100%| S|CS|TAMS 0x0000000084500000, 0x0000000084500000| Complete 
|  70|0x0000000084600000, 0x0000000084700000, 0x0000000084700000|100%| S|CS|TAMS 0x0000000084600000, 0x0000000084600000| Complete 
|  71|0x0000000084700000, 0x0000000084800000, 0x0000000084800000|100%| S|CS|TAMS 0x0000000084700000, 0x0000000084700000| Complete 
|  72|0x0000000084800000, 0x0000000084900000, 0x0000000084900000|100%| S|CS|TAMS 0x0000000084800000, 0x0000000084800000| Complete 
|  73|0x0000000084900000, 0x0000000084a00000, 0x0000000084a00000|100%| S|CS|TAMS 0x0000000084900000, 0x0000000084900000| Complete 
|  74|0x0000000084a00000, 0x0000000084b00000, 0x0000000084b00000|100%| S|CS|TAMS 0x0000000084a00000, 0x0000000084a00000| Complete 
|  75|0x0000000084b00000, 0x0000000084b00000, 0x0000000084c00000|  0%| F|  |TAMS 0x0000000084b00000, 0x0000000084b00000| Untracked 
|  76|0x0000000084c00000, 0x0000000084c00000, 0x0000000084d00000|  0%| F|  |TAMS 0x0000000084c00000, 0x0000000084c00000| Untracked 
|  77|0x0000000084d00000, 0x0000000084d00000, 0x0000000084e00000|  0%| F|  |TAMS 0x0000000084d00000, 0x0000000084d00000| Untracked 
|  78|0x0000000084e00000, 0x0000000084e00000, 0x0000000084f00000|  0%| F|  |TAMS 0x0000000084e00000, 0x0000000084e00000| Untracked 
|  79|0x0000000084f00000, 0x0000000084f00000, 0x0000000085000000|  0%| F|  |TAMS 0x0000000084f00000, 0x0000000084f00000| Untracked 
|  80|0x0000000085000000, 0x0000000085000000, 0x0000000085100000|  0%| F|  |TAMS 0x0000000085000000, 0x0000000085000000| Untracked 
|  81|0x0000000085100000, 0x0000000085100000, 0x0000000085200000|  0%| F|  |TAMS 0x0000000085100000, 0x0000000085100000| Untracked 
|  82|0x0000000085200000, 0x0000000085200000, 0x0000000085300000|  0%| F|  |TAMS 0x0000000085200000, 0x0000000085200000| Untracked 
|  83|0x0000000085300000, 0x0000000085300000, 0x0000000085400000|  0%| F|  |TAMS 0x0000000085300000, 0x0000000085300000| Untracked 
|  84|0x0000000085400000, 0x0000000085400000, 0x0000000085500000|  0%| F|  |TAMS 0x0000000085400000, 0x0000000085400000| Untracked 
|  85|0x0000000085500000, 0x0000000085500000, 0x0000000085600000|  0%| F|  |TAMS 0x0000000085500000, 0x0000000085500000| Untracked 
|  86|0x0000000085600000, 0x0000000085600000, 0x0000000085700000|  0%| F|  |TAMS 0x0000000085600000, 0x0000000085600000| Untracked 
|  87|0x0000000085700000, 0x0000000085700000, 0x0000000085800000|  0%| F|  |TAMS 0x0000000085700000, 0x0000000085700000| Untracked 
|  88|0x0000000085800000, 0x0000000085800000, 0x0000000085900000|  0%| F|  |TAMS 0x0000000085800000, 0x0000000085800000| Untracked 
|  89|0x0000000085900000, 0x0000000085900000, 0x0000000085a00000|  0%| F|  |TAMS 0x0000000085900000, 0x0000000085900000| Untracked 
|  90|0x0000000085a00000, 0x0000000085a00000, 0x0000000085b00000|  0%| F|  |TAMS 0x0000000085a00000, 0x0000000085a00000| Untracked 
|  91|0x0000000085b00000, 0x0000000085b00000, 0x0000000085c00000|  0%| F|  |TAMS 0x0000000085b00000, 0x0000000085b00000| Untracked 
|  92|0x0000000085c00000, 0x0000000085c00000, 0x0000000085d00000|  0%| F|  |TAMS 0x0000000085c00000, 0x0000000085c00000| Untracked 
|  93|0x0000000085d00000, 0x0000000085d00000, 0x0000000085e00000|  0%| F|  |TAMS 0x0000000085d00000, 0x0000000085d00000| Untracked 
|  94|0x0000000085e00000, 0x0000000085e00000, 0x0000000085f00000|  0%| F|  |TAMS 0x0000000085e00000, 0x0000000085e00000| Untracked 
|  95|0x0000000085f00000, 0x0000000085f00000, 0x0000000086000000|  0%| F|  |TAMS 0x0000000085f00000, 0x0000000085f00000| Untracked 
|  96|0x0000000086000000, 0x0000000086000000, 0x0000000086100000|  0%| F|  |TAMS 0x0000000086000000, 0x0000000086000000| Untracked 
|  97|0x0000000086100000, 0x0000000086100000, 0x0000000086200000|  0%| F|  |TAMS 0x0000000086100000, 0x0000000086100000| Untracked 
|  98|0x0000000086200000, 0x0000000086200000, 0x0000000086300000|  0%| F|  |TAMS 0x0000000086200000, 0x0000000086200000| Untracked 
|  99|0x0000000086300000, 0x0000000086300000, 0x0000000086400000|  0%| F|  |TAMS 0x0000000086300000, 0x0000000086300000| Untracked 
| 100|0x0000000086400000, 0x0000000086400000, 0x0000000086500000|  0%| F|  |TAMS 0x0000000086400000, 0x0000000086400000| Untracked 
| 101|0x0000000086500000, 0x0000000086500000, 0x0000000086600000|  0%| F|  |TAMS 0x0000000086500000, 0x0000000086500000| Untracked 
| 102|0x0000000086600000, 0x0000000086600000, 0x0000000086700000|  0%| F|  |TAMS 0x0000000086600000, 0x0000000086600000| Untracked 
| 103|0x0000000086700000, 0x0000000086700000, 0x0000000086800000|  0%| F|  |TAMS 0x0000000086700000, 0x0000000086700000| Untracked 
| 104|0x0000000086800000, 0x0000000086800000, 0x0000000086900000|  0%| F|  |TAMS 0x0000000086800000, 0x0000000086800000| Untracked 
| 105|0x0000000086900000, 0x0000000086900000, 0x0000000086a00000|  0%| F|  |TAMS 0x0000000086900000, 0x0000000086900000| Untracked 
| 106|0x0000000086a00000, 0x0000000086a00000, 0x0000000086b00000|  0%| F|  |TAMS 0x0000000086a00000, 0x0000000086a00000| Untracked 
| 107|0x0000000086b00000, 0x0000000086b00000, 0x0000000086c00000|  0%| F|  |TAMS 0x0000000086b00000, 0x0000000086b00000| Untracked 
| 108|0x0000000086c00000, 0x0000000086c00000, 0x0000000086d00000|  0%| F|  |TAMS 0x0000000086c00000, 0x0000000086c00000| Untracked 
| 109|0x0000000086d00000, 0x0000000086d00000, 0x0000000086e00000|  0%| F|  |TAMS 0x0000000086d00000, 0x0000000086d00000| Untracked 
| 110|0x0000000086e00000, 0x0000000086e00000, 0x0000000086f00000|  0%| F|  |TAMS 0x0000000086e00000, 0x0000000086e00000| Untracked 
| 111|0x0000000086f00000, 0x0000000086f80800, 0x0000000087000000| 50%| E|  |TAMS 0x0000000086f00000, 0x0000000086f00000| Complete 
| 112|0x0000000087000000, 0x0000000087100000, 0x0000000087100000|100%| E|CS|TAMS 0x0000000087000000, 0x0000000087000000| Complete 
| 113|0x0000000087100000, 0x0000000087200000, 0x0000000087200000|100%| E|CS|TAMS 0x0000000087100000, 0x0000000087100000| Complete 
| 114|0x0000000087200000, 0x0000000087300000, 0x0000000087300000|100%| E|CS|TAMS 0x0000000087200000, 0x0000000087200000| Complete 
| 115|0x0000000087300000, 0x0000000087400000, 0x0000000087400000|100%| E|CS|TAMS 0x0000000087300000, 0x0000000087300000| Complete 
| 116|0x0000000087400000, 0x0000000087500000, 0x0000000087500000|100%| E|CS|TAMS 0x0000000087400000, 0x0000000087400000| Complete 
| 117|0x0000000087500000, 0x0000000087600000, 0x0000000087600000|100%| E|CS|TAMS 0x0000000087500000, 0x0000000087500000| Complete 
| 118|0x0000000087600000, 0x0000000087700000, 0x0000000087700000|100%| E|CS|TAMS 0x0000000087600000, 0x0000000087600000| Complete 
| 119|0x0000000087700000, 0x0000000087800000, 0x0000000087800000|100%| E|CS|TAMS 0x0000000087700000, 0x0000000087700000| Complete 
| 120|0x0000000087800000, 0x0000000087900000, 0x0000000087900000|100%| E|CS|TAMS 0x0000000087800000, 0x0000000087800000| Complete 
| 121|0x0000000087900000, 0x0000000087a00000, 0x0000000087a00000|100%| E|CS|TAMS 0x0000000087900000, 0x0000000087900000| Complete 
| 122|0x0000000087a00000, 0x0000000087b00000, 0x0000000087b00000|100%| E|CS|TAMS 0x0000000087a00000, 0x0000000087a00000| Complete 
| 123|0x0000000087b00000, 0x0000000087c00000, 0x0000000087c00000|100%| E|CS|TAMS 0x0000000087b00000, 0x0000000087b00000| Complete 
| 124|0x0000000087c00000, 0x0000000087d00000, 0x0000000087d00000|100%| E|CS|TAMS 0x0000000087c00000, 0x0000000087c00000| Complete 
| 125|0x0000000087d00000, 0x0000000087e00000, 0x0000000087e00000|100%| E|CS|TAMS 0x0000000087d00000, 0x0000000087d00000| Complete 

Card table byte_map: [0x000001dd44df0000,0x000001dd451f0000] _byte_map_base: 0x000001dd449f0000

Marking Bits (Prev, Next): (CMBitMap*) 0x000001dd2fccea28, (CMBitMap*) 0x000001dd2fccea60
 Prev Bits: [0x000001dd455f0000, 0x000001dd475f0000)
 Next Bits: [0x000001dd475f0000, 0x000001dd495f0000)

Polling page: 0x000001dd2fd70000

Metaspace:

Usage:
  Non-class:     34.29 MB capacity,    33.73 MB ( 98%) used,   483.41 KB (  1%) free+waste,    91.31 KB ( <1%) overhead. 
      Class:      5.26 MB capacity,     4.94 MB ( 94%) used,   284.64 KB (  5%) free+waste,    43.81 KB ( <1%) overhead. 
       Both:     39.55 MB capacity,    38.67 MB ( 98%) used,   768.05 KB (  2%) free+waste,   135.13 KB ( <1%) overhead. 

Virtual space:
  Non-class space:       36.00 MB reserved,      34.50 MB ( 96%) committed 
      Class space:        1.00 GB reserved,       5.38 MB ( <1%) committed 
             Both:        1.04 GB reserved,      39.88 MB (  4%) committed 

Chunk freelists:
   Non-Class:  24.00 KB
       Class:  18.00 KB
        Both:  42.00 KB

MaxMetaspaceSize: 17179869184.00 GB
CompressedClassSpaceSize: 1.00 GB
Initial GC threshold: 20.80 MB
Current GC threshold: 58.75 MB
CDS: off

CodeHeap 'non-profiled nmethods': size=120000Kb used=2043Kb max_used=2043Kb free=117956Kb
 bounds [0x000001dd3ca60000, 0x000001dd3ccd0000, 0x000001dd43f90000]
CodeHeap 'profiled nmethods': size=120000Kb used=7438Kb max_used=7438Kb free=112562Kb
 bounds [0x000001dd35530000, 0x000001dd35c80000, 0x000001dd3ca60000]
CodeHeap 'non-nmethods': size=5760Kb used=2278Kb max_used=2307Kb free=3482Kb
 bounds [0x000001dd34f90000, 0x000001dd35200000, 0x000001dd35530000]
 total_blobs=4346 nmethods=3581 adapters=677
 compilation: enabled
              stopped_count=0, restarted_count=0
 full_count=0

Compilation events (20 events):
Event: 8.457 Thread 0x000001dd4c9eb000 3552       3       org.objectweb.asm.MethodWriter::putFrame (549 bytes)
Event: 8.459 Thread 0x000001dd4c9eb000 nmethod 3552 0x000001dd35c60790 code [0x000001dd35c60be0, 0x000001dd35c62638]
Event: 8.525 Thread 0x000001dd4c9e8800 nmethod 3550 0x000001dd3cc59990 code [0x000001dd3cc59ba0, 0x000001dd3cc5ae68]
Event: 8.525 Thread 0x000001dd4c9e8800 3553       4       org.objectweb.asm.SymbolTable::put (150 bytes)
Event: 8.545 Thread 0x000001dd4c9e8800 nmethod 3553 0x000001dd3cc5b810 code [0x000001dd3cc5b9c0, 0x000001dd3cc5c178]
Event: 8.545 Thread 0x000001dd4c9e8800 3551       4       org.objectweb.asm.Frame::execute (2318 bytes)
Event: 8.651 Thread 0x000001dd4c9eb000 3555       1       javax.management.ObjectName$Property::setKeyIndex (6 bytes)
Event: 8.651 Thread 0x000001dd4c9eb000 nmethod 3555 0x000001dd3cc5c490 code [0x000001dd3cc5c640, 0x000001dd3cc5c6f8]
Event: 8.651 Thread 0x000001dd4c9eb000 3556       1       java.util.Spliterators$EmptySpliterator::characteristics (4 bytes)
Event: 8.651 Thread 0x000001dd4c9eb000 nmethod 3556 0x000001dd3cc5c790 code [0x000001dd3cc5c940, 0x000001dd3cc5c9f8]
Event: 8.651 Thread 0x000001dd4c9eb000 3557       1       sun.management.MemoryPoolImpl::getName (5 bytes)
Event: 8.651 Thread 0x000001dd4c9eb000 nmethod 3557 0x000001dd3cc5ca90 code [0x000001dd3cc5cc40, 0x000001dd3cc5ccf8]
Event: 9.149 Thread 0x000001dd4c9eb000 3558       3       java.util.concurrent.locks.AbstractQueuedSynchronizer$ConditionObject::unlinkCancelledWaiters (67 bytes)
Event: 9.150 Thread 0x000001dd4c9eb000 nmethod 3558 0x000001dd35c63290 code [0x000001dd35c63460, 0x000001dd35c63858]
Event: 9.258 Thread 0x000001dd4c9eb000 3559       3       java.util.concurrent.locks.AbstractQueuedSynchronizer::enq (37 bytes)
Event: 9.263 Thread 0x000001dd4c9eb000 nmethod 3559 0x000001dd35c63990 code [0x000001dd35c63dc0, 0x000001dd35c65a88]
Event: 9.522 Thread 0x000001dd4c9eb000 3560       3       org.gradle.launcher.daemon.server.exec.DaemonConnectionBackedEventConsumer$ForwardEvents::moreMessagesToSend (35 bytes)
Event: 9.522 Thread 0x000001dd4c9eb000 nmethod 3560 0x000001dd35c66490 code [0x000001dd35c66660, 0x000001dd35c66908]
Event: 9.523 Thread 0x000001dd4c9eb000 3561   !   3       org.gradle.launcher.daemon.server.exec.DaemonConnectionBackedEventConsumer$ForwardEvents::getNextEvent (27 bytes)
Event: 9.523 Thread 0x000001dd4c9eb000 nmethod 3561 0x000001dd35c66a10 code [0x000001dd35c66be0, 0x000001dd35c66e28]

GC Heap History (14 events):
Event: 0.865 GC heap before
{Heap before GC invocations=0 (full 0):
 garbage-first heap   total 129024K, used 29696K [0x0000000080000000, 0x0000000100000000)
  region size 1024K, 24 young (24576K), 0 survivors (0K)
 Metaspace       used 10160K, capacity 10405K, committed 10624K, reserved 1058816K
  class space    used 1061K, capacity 1107K, committed 1152K, reserved 1048576K
}
Event: 0.871 GC heap after
{Heap after GC invocations=1 (full 0):
 garbage-first heap   total 129024K, used 9401K [0x0000000080000000, 0x0000000100000000)
  region size 1024K, 3 young (3072K), 3 survivors (3072K)
 Metaspace       used 10160K, capacity 10405K, committed 10624K, reserved 1058816K
  class space    used 1061K, capacity 1107K, committed 1152K, reserved 1048576K
}
Event: 3.240 GC heap before
{Heap before GC invocations=1 (full 0):
 garbage-first heap   total 129024K, used 83129K [0x0000000080000000, 0x0000000100000000)
  region size 1024K, 75 young (76800K), 3 survivors (3072K)
 Metaspace       used 17691K, capacity 18168K, committed 18432K, reserved 1064960K
  class space    used 2088K, capacity 2238K, committed 2304K, reserved 1048576K
}
Event: 3.247 GC heap after
{Heap after GC invocations=2 (full 0):
 garbage-first heap   total 129024K, used 16415K [0x0000000080000000, 0x0000000100000000)
  region size 1024K, 10 young (10240K), 10 survivors (10240K)
 Metaspace       used 17691K, capacity 18168K, committed 18432K, reserved 1064960K
  class space    used 2088K, capacity 2238K, committed 2304K, reserved 1048576K
}
Event: 3.541 GC heap before
{Heap before GC invocations=2 (full 0):
 garbage-first heap   total 129024K, used 38943K [0x0000000080000000, 0x0000000100000000)
  region size 1024K, 34 young (34816K), 10 survivors (10240K)
 Metaspace       used 20569K, capacity 21104K, committed 21248K, reserved 1067008K
  class space    used 2511K, capacity 2690K, committed 2816K, reserved 1048576K
}
Event: 3.551 GC heap after
{Heap after GC invocations=3 (full 0):
 garbage-first heap   total 129024K, used 16989K [0x0000000080000000, 0x0000000100000000)
  region size 1024K, 1 young (1024K), 1 survivors (1024K)
 Metaspace       used 20569K, capacity 21104K, committed 21248K, reserved 1067008K
  class space    used 2511K, capacity 2690K, committed 2816K, reserved 1048576K
}
Event: 4.957 GC heap before
{Heap before GC invocations=4 (full 0):
 garbage-first heap   total 129024K, used 69213K [0x0000000080000000, 0x0000000100000000)
  region size 1024K, 52 young (53248K), 1 survivors (1024K)
 Metaspace       used 25877K, capacity 26503K, committed 26752K, reserved 1073152K
  class space    used 3383K, capacity 3601K, committed 3712K, reserved 1048576K
}
Event: 4.961 GC heap after
{Heap after GC invocations=5 (full 0):
 garbage-first heap   total 129024K, used 18539K [0x0000000080000000, 0x0000000100000000)
  region size 1024K, 3 young (3072K), 3 survivors (3072K)
 Metaspace       used 25877K, capacity 26503K, committed 26752K, reserved 1073152K
  class space    used 3383K, capacity 3601K, committed 3712K, reserved 1048576K
}
Event: 6.222 GC heap before
{Heap before GC invocations=5 (full 0):
 garbage-first heap   total 129024K, used 75883K [0x0000000080000000, 0x0000000100000000)
  region size 1024K, 59 young (60416K), 3 survivors (3072K)
 Metaspace       used 34567K, capacity 35326K, committed 35584K, reserved 1079296K
  class space    used 4503K, capacity 4800K, committed 4864K, reserved 1048576K
}
Event: 6.228 GC heap after
{Heap after GC invocations=6 (full 0):
 garbage-first heap   total 129024K, used 21972K [0x0000000080000000, 0x0000000100000000)
  region size 1024K, 6 young (6144K), 6 survivors (6144K)
 Metaspace       used 34567K, capacity 35326K, committed 35584K, reserved 1079296K
  class space    used 4503K, capacity 4800K, committed 4864K, reserved 1048576K
}
Event: 6.354 GC heap before
{Heap before GC invocations=6 (full 0):
 garbage-first heap   total 129024K, used 22996K [0x0000000080000000, 0x0000000100000000)
  region size 1024K, 9 young (9216K), 6 survivors (6144K)
 Metaspace       used 35082K, capacity 35838K, committed 35840K, reserved 1081344K
  class space    used 4548K, capacity 4864K, committed 4864K, reserved 1048576K
}
Event: 6.364 GC heap after
{Heap after GC invocations=7 (full 0):
 garbage-first heap   total 129024K, used 22338K [0x0000000080000000, 0x0000000100000000)
  region size 1024K, 4 young (4096K), 4 survivors (4096K)
 Metaspace       used 35082K, capacity 35838K, committed 35840K, reserved 1081344K
  class space    used 4548K, capacity 4864K, committed 4864K, reserved 1048576K
}
Event: 7.691 GC heap before
{Heap before GC invocations=8 (full 0):
 garbage-first heap   total 129024K, used 72514K [0x0000000080000000, 0x0000000100000000)
  region size 1024K, 51 young (52224K), 4 survivors (4096K)
 Metaspace       used 38722K, capacity 39639K, committed 39936K, reserved 1083392K
  class space    used 4933K, capacity 5251K, committed 5376K, reserved 1048576K
}
Event: 7.701 GC heap after
{Heap after GC invocations=9 (full 0):
 garbage-first heap   total 129024K, used 26067K [0x0000000080000000, 0x0000000100000000)
  region size 1024K, 7 young (7168K), 7 survivors (7168K)
 Metaspace       used 38722K, capacity 39639K, committed 39936K, reserved 1083392K
  class space    used 4933K, capacity 5251K, committed 5376K, reserved 1048576K
}

Deoptimization events (20 events):
Event: 8.065 Thread 0x000001dd4da32800 Uncommon trap: trap_request=0xffffff4d fr.pc=0x000001dd3cbae4b4 relative=0x0000000000000114
Event: 8.065 Thread 0x000001dd4da32800 Uncommon trap: reason=unstable_if action=reinterpret pc=0x000001dd3cbae4b4 method=java.util.Arrays.hashCode([Ljava/lang/Object;)I @ 34 c2
Event: 8.065 Thread 0x000001dd4da32800 DEOPT PACKING pc=0x000001dd3cbae4b4 sp=0x0000002cf59f95d0
Event: 8.065 Thread 0x000001dd4da32800 DEOPT UNPACKING pc=0x000001dd34fda1af sp=0x0000002cf59f9548 mode 2
Event: 8.065 Thread 0x000001dd4da32800 Uncommon trap: trap_request=0xffffffde fr.pc=0x000001dd3cb53028 relative=0x00000000000002e8
Event: 8.065 Thread 0x000001dd4da32800 Uncommon trap: reason=class_check action=maybe_recompile pc=0x000001dd3cb53028 method=java.util.Collections$SetFromMap.remove(Ljava/lang/Object;)Z @ 5 c2
Event: 8.065 Thread 0x000001dd4da32800 DEOPT PACKING pc=0x000001dd3cb53028 sp=0x0000002cf59fac20
Event: 8.065 Thread 0x000001dd4da32800 DEOPT UNPACKING pc=0x000001dd34fda1af sp=0x0000002cf59fac18 mode 2
Event: 8.065 Thread 0x000001dd4da32800 Uncommon trap: trap_request=0xffffffde fr.pc=0x000001dd3cb53028 relative=0x00000000000002e8
Event: 8.065 Thread 0x000001dd4da32800 Uncommon trap: reason=class_check action=maybe_recompile pc=0x000001dd3cb53028 method=java.util.Collections$SetFromMap.remove(Ljava/lang/Object;)Z @ 5 c2
Event: 8.065 Thread 0x000001dd4da32800 DEOPT PACKING pc=0x000001dd3cb53028 sp=0x0000002cf59faba0
Event: 8.065 Thread 0x000001dd4da32800 DEOPT UNPACKING pc=0x000001dd34fda1af sp=0x0000002cf59fab98 mode 2
Event: 8.651 Thread 0x000001dd4f37b000 Uncommon trap: trap_request=0xffffffbe fr.pc=0x000001dd3cbe8fd8 relative=0x0000000000000558
Event: 8.651 Thread 0x000001dd4f37b000 Uncommon trap: reason=profile_predicate action=maybe_recompile pc=0x000001dd3cbe8fd8 method=java.util.stream.ReferencePipeline.forEachWithCancel(Ljava/util/Spliterator;Ljava/util/stream/Sink;)Z @ 8 c2
Event: 8.651 Thread 0x000001dd4f37b000 DEOPT PACKING pc=0x000001dd3cbe8fd8 sp=0x0000002cf55feba0
Event: 8.651 Thread 0x000001dd4f37b000 DEOPT UNPACKING pc=0x000001dd34fda1af sp=0x0000002cf55feb40 mode 2
Event: 9.646 Thread 0x000001dd4f37b000 Uncommon trap: trap_request=0xffffffbe fr.pc=0x000001dd3cbe8fd8 relative=0x0000000000000558
Event: 9.646 Thread 0x000001dd4f37b000 Uncommon trap: reason=profile_predicate action=maybe_recompile pc=0x000001dd3cbe8fd8 method=java.util.stream.ReferencePipeline.forEachWithCancel(Ljava/util/Spliterator;Ljava/util/stream/Sink;)Z @ 8 c2
Event: 9.646 Thread 0x000001dd4f37b000 DEOPT PACKING pc=0x000001dd3cbe8fd8 sp=0x0000002cf55feba0
Event: 9.848 Thread 0x000001dd4f37b000 DEOPT UNPACKING pc=0x000001dd34fda1af sp=0x0000002cf55feb40 mode 2

Classes redefined (0 events):
No events

Internal exceptions (20 events):
Event: 7.618 Thread 0x000001dd4da32800 Exception <a 'java/lang/ClassNotFoundException'{0x0000000084f749a0}: org/gradle/api/internal/provider/AbstractMinimalProviderCustomizer> (0x0000000084f749a0) thrown at [./src/hotspot/share/classfile/systemDictionary.cpp, line 231]
Event: 7.623 Thread 0x000001dd4da32800 Exception <a 'java/lang/ClassNotFoundException'{0x0000000084fd46d0}: org/gradle/api/internal/provider/AbstractPropertyCustomizer> (0x0000000084fd46d0) thrown at [./src/hotspot/share/classfile/systemDictionary.cpp, line 231]
Event: 7.624 Thread 0x000001dd4da32800 Exception <a 'java/lang/ClassNotFoundException'{0x0000000084e07328}: org/gradle/api/internal/provider/DefaultPropertyCustomizer> (0x0000000084e07328) thrown at [./src/hotspot/share/classfile/systemDictionary.cpp, line 231]
Event: 7.709 Thread 0x000001dd4da32800 Exception <a 'java/lang/ClassNotFoundException'{0x0000000087ce7b30}: org/gradle/api/internal/artifacts/dsl/DefaultRepositoryHandler_DecoratedBeanInfo> (0x0000000087ce7b30) thrown at [./src/hotspot/share/classfile/systemDictionary.cpp, line 231]
Event: 7.711 Thread 0x000001dd4da32800 Exception <a 'java/lang/ClassNotFoundException'{0x0000000087b20ce0}: org/gradle/api/internal/artifacts/dsl/DefaultRepositoryHandlerBeanInfo> (0x0000000087b20ce0) thrown at [./src/hotspot/share/classfile/systemDictionary.cpp, line 231]
Event: 7.712 Thread 0x000001dd4da32800 Exception <a 'java/lang/ClassNotFoundException'{0x0000000087b5bf30}: org/gradle/api/internal/artifacts/DefaultArtifactRepositoryContainerBeanInfo> (0x0000000087b5bf30) thrown at [./src/hotspot/share/classfile/systemDictionary.cpp, line 231]
Event: 7.713 Thread 0x000001dd4da32800 Exception <a 'java/lang/ClassNotFoundException'{0x0000000087b86220}: org/gradle/api/internal/DefaultNamedDomainObjectListBeanInfo> (0x0000000087b86220) thrown at [./src/hotspot/share/classfile/systemDictionary.cpp, line 231]
Event: 7.714 Thread 0x000001dd4da32800 Exception <a 'java/lang/ClassNotFoundException'{0x0000000087bb1bd0}: org/gradle/api/internal/DefaultNamedDomainObjectCollectionBeanInfo> (0x0000000087bb1bd0) thrown at [./src/hotspot/share/classfile/systemDictionary.cpp, line 231]
Event: 7.715 Thread 0x000001dd4da32800 Exception <a 'java/lang/ClassNotFoundException'{0x0000000087bdcd80}: org/gradle/api/internal/DefaultDomainObjectCollectionBeanInfo> (0x0000000087bdcd80) thrown at [./src/hotspot/share/classfile/systemDictionary.cpp, line 231]
Event: 7.715 Thread 0x000001dd4da32800 Exception <a 'java/lang/ClassNotFoundException'{0x0000000087be2fb8}: java/util/AbstractCollectionBeanInfo> (0x0000000087be2fb8) thrown at [./src/hotspot/share/classfile/systemDictionary.cpp, line 231]
Event: 7.716 Thread 0x000001dd4da32800 Exception <a 'java/lang/ClassNotFoundException'{0x0000000087be9738}: java/util/AbstractCollectionCustomizer> (0x0000000087be9738) thrown at [./src/hotspot/share/classfile/systemDictionary.cpp, line 231]
Event: 7.718 Thread 0x000001dd4da32800 Exception <a 'java/lang/ClassNotFoundException'{0x0000000087a1d8b0}: org/gradle/api/internal/DefaultDomainObjectCollectionCustomizer> (0x0000000087a1d8b0) thrown at [./src/hotspot/share/classfile/systemDictionary.cpp, line 231]
Event: 7.721 Thread 0x000001dd4da32800 Exception <a 'java/lang/ClassNotFoundException'{0x0000000087a66168}: org/gradle/api/internal/DefaultNamedDomainObjectCollectionCustomizer> (0x0000000087a66168) thrown at [./src/hotspot/share/classfile/systemDictionary.cpp, line 231]
Event: 7.728 Thread 0x000001dd4da32800 Exception <a 'java/lang/ClassNotFoundException'{0x0000000087ade288}: org/gradle/api/internal/DefaultNamedDomainObjectListCustomizer> (0x0000000087ade288) thrown at [./src/hotspot/share/classfile/systemDictionary.cpp, line 231]
Event: 7.732 Thread 0x000001dd4da32800 Exception <a 'java/lang/ClassNotFoundException'{0x00000000879332a0}: org/gradle/api/internal/artifacts/DefaultArtifactRepositoryContainerCustomizer> (0x00000000879332a0) thrown at [./src/hotspot/share/classfile/systemDictionary.cpp, line 231]
Event: 7.735 Thread 0x000001dd4da32800 Exception <a 'java/lang/ClassNotFoundException'{0x000000008797d438}: org/gradle/api/internal/artifacts/dsl/DefaultRepositoryHandlerCustomizer> (0x000000008797d438) thrown at [./src/hotspot/share/classfile/systemDictionary.cpp, line 231]
Event: 7.738 Thread 0x000001dd4da32800 Exception <a 'java/lang/ClassNotFoundException'{0x00000000879da678}: org/gradle/api/internal/artifacts/dsl/DefaultRepositoryHandler_DecoratedCustomizer> (0x00000000879da678) thrown at [./src/hotspot/share/classfile/systemDictionary.cpp, line 231]
Event: 8.062 Thread 0x000001dd4da32800 Exception <a 'java/lang/ClassNotFoundException'{0x00000000874ef520}: org/gradle/initialization/DefaultProjectDescriptorBeanInfo> (0x00000000874ef520) thrown at [./src/hotspot/share/classfile/systemDictionary.cpp, line 231]
Event: 8.062 Thread 0x000001dd4da32800 Exception <a 'java/lang/ClassNotFoundException'{0x0000000087314af8}: org/gradle/initialization/DefaultProjectDescriptorCustomizer> (0x0000000087314af8) thrown at [./src/hotspot/share/classfile/systemDictionary.cpp, line 231]
Event: 8.065 Thread 0x000001dd4da32800 Implicit null exception at 0x000001dd3cbae3ef to 0x000001dd3cbae498

Events (20 events):
Event: 8.067 loading class org/gradle/api/artifacts/repositories/ArtifactRepository
Event: 8.067 loading class org/gradle/api/artifacts/repositories/ArtifactRepository done
Event: 8.067 loading class org/gradle/api/artifacts/repositories/ArtifactRepository
Event: 8.067 loading class org/gradle/api/artifacts/repositories/ArtifactRepository done
Event: 8.067 loading class org/gradle/internal/management/DefaultDependencyResolutionManagement
Event: 8.067 loading class org/gradle/internal/management/DefaultDependencyResolutionManagement done
Event: 8.068 loading class org/gradle/internal/management/DefaultDependencyResolutionManagement
Event: 8.068 loading class org/gradle/internal/management/DefaultDependencyResolutionManagement done
Event: 8.068 loading class org/gradle/caching/local/DirectoryBuildCache
Event: 8.068 loading class org/gradle/caching/local/DirectoryBuildCache done
Event: 8.069 loading class org/gradle/caching/local/internal/DirectoryBuildCacheServiceFactory
Event: 8.069 loading class org/gradle/caching/local/internal/DirectoryBuildCacheServiceFactory done
Event: 8.069 loading class org/gradle/caching/configuration/internal/DefaultBuildCacheConfiguration
Event: 8.069 loading class org/gradle/caching/configuration/internal/DefaultBuildCacheConfiguration done
Event: 8.460 loading class org/gradle/caching/internal/services/BuildCacheControllerFactory$BuildCacheMode
Event: 8.460 loading class org/gradle/caching/internal/services/BuildCacheControllerFactory$BuildCacheMode done
Event: 8.701 loading class org/gradle/caching/internal/services/BuildCacheControllerFactory$RemoteAccessMode
Event: 8.701 loading class org/gradle/caching/internal/services/BuildCacheControllerFactory$RemoteAccessMode done
Event: 9.865 loading class org/gradle/caching/internal/services/BuildCacheControllerFactory
Event: 9.865 loading class org/gradle/caching/internal/services/BuildCacheControllerFactory done


Dynamic libraries:
0x00007ff7d4f50000 - 0x00007ff7d4f5a000 	C:\Program Files\Android\Android Studio\jre\bin\java.exe
0x00007ff817030000 - 0x00007ff817228000 	C:\WINDOWS\SYSTEM32\ntdll.dll
0x00007ff816960000 - 0x00007ff816a1d000 	C:\WINDOWS\System32\KERNEL32.DLL
0x00007ff814920000 - 0x00007ff814bee000 	C:\WINDOWS\System32\KERNELBASE.dll
0x00007ff8147f0000 - 0x00007ff8148f0000 	C:\WINDOWS\System32\ucrtbase.dll
0x00007ffffda40000 - 0x00007ffffda57000 	C:\Program Files\Android\Android Studio\jre\bin\VCRUNTIME140.dll
0x00007ffffe110000 - 0x00007ffffe129000 	C:\Program Files\Android\Android Studio\jre\bin\jli.dll
0x00007ff816db0000 - 0x00007ff816f50000 	C:\WINDOWS\System32\USER32.dll
0x00007ff8148f0000 - 0x00007ff814912000 	C:\WINDOWS\System32\win32u.dll
0x00007ff8151f0000 - 0x00007ff81521a000 	C:\WINDOWS\System32\GDI32.dll
0x00007ff814bf0000 - 0x00007ff814cfb000 	C:\WINDOWS\System32\gdi32full.dll
0x00007ff814750000 - 0x00007ff8147ed000 	C:\WINDOWS\System32\msvcp_win.dll
0x00007ffffe890000 - 0x00007ffffeb2a000 	C:\WINDOWS\WinSxS\amd64_microsoft.windows.common-controls_6595b64144ccf1df_6.0.19041.1110_none_60b5254171f9507e\COMCTL32.dll
0x00007ff816620000 - 0x00007ff8166be000 	C:\WINDOWS\System32\msvcrt.dll
0x00007ff815220000 - 0x00007ff815250000 	C:\WINDOWS\System32\IMM32.DLL
0x00007fffd9b30000 - 0x00007fffd9bcd000 	C:\Program Files\Android\Android Studio\jre\bin\msvcp140.dll
0x00007fffce950000 - 0x00007fffcf435000 	C:\Program Files\Android\Android Studio\jre\bin\server\jvm.dll
0x00007ff8166c0000 - 0x00007ff81676e000 	C:\WINDOWS\System32\ADVAPI32.dll
0x00007ff816f50000 - 0x00007ff816fec000 	C:\WINDOWS\System32\sechost.dll
0x00007ff8163d0000 - 0x00007ff8164f5000 	C:\WINDOWS\System32\RPCRT4.dll
0x00007ff816500000 - 0x00007ff816508000 	C:\WINDOWS\System32\PSAPI.DLL
0x00007ff811050000 - 0x00007ff811059000 	C:\WINDOWS\SYSTEM32\WSOCK32.dll
0x00007ffffcfa0000 - 0x00007ffffcfc7000 	C:\WINDOWS\SYSTEM32\WINMM.dll
0x00007ff80c3b0000 - 0x00007ff80c3ba000 	C:\WINDOWS\SYSTEM32\VERSION.dll
0x00007ff815250000 - 0x00007ff8152bb000 	C:\WINDOWS\System32\WS2_32.dll
0x00007ff812650000 - 0x00007ff812662000 	C:\WINDOWS\SYSTEM32\kernel.appcore.dll
0x00007ff8108e0000 - 0x00007ff8108f1000 	C:\Program Files\Android\Android Studio\jre\bin\verify.dll
0x00007ff810280000 - 0x00007ff810464000 	C:\WINDOWS\SYSTEM32\DBGHELP.DLL
0x00007ffff9cf0000 - 0x00007ffff9d1c000 	C:\WINDOWS\SYSTEM32\dbgcore.DLL
0x00007ff814d00000 - 0x00007ff814d82000 	C:\WINDOWS\System32\bcryptPrimitives.dll
0x00007ff80c220000 - 0x00007ff80c249000 	C:\Program Files\Android\Android Studio\jre\bin\java.dll
0x00007ff810920000 - 0x00007ff81092b000 	C:\Program Files\Android\Android Studio\jre\bin\jimage.dll
0x00007ff8108c0000 - 0x00007ff8108d8000 	C:\Program Files\Android\Android Studio\jre\bin\zip.dll
0x00007ff815be0000 - 0x00007ff816324000 	C:\WINDOWS\System32\SHELL32.dll
0x00007ff812850000 - 0x00007ff812fe4000 	C:\WINDOWS\SYSTEM32\windows.storage.dll
0x00007ff815880000 - 0x00007ff815bd4000 	C:\WINDOWS\System32\combase.dll
0x00007ff8141b0000 - 0x00007ff8141e0000 	C:\WINDOWS\SYSTEM32\Wldp.dll
0x00007ff816510000 - 0x00007ff8165bd000 	C:\WINDOWS\System32\SHCORE.dll
0x00007ff8152c0000 - 0x00007ff815315000 	C:\WINDOWS\System32\shlwapi.dll
0x00007ff814690000 - 0x00007ff8146af000 	C:\WINDOWS\SYSTEM32\profapi.dll
0x00007ff80c990000 - 0x00007ff80c9aa000 	C:\Program Files\Android\Android Studio\jre\bin\net.dll
0x00007fffffda0000 - 0x00007fffffeaa000 	C:\WINDOWS\SYSTEM32\WINHTTP.dll
0x00007ff813f10000 - 0x00007ff813f7a000 	C:\WINDOWS\system32\mswsock.dll
0x00007ff806360000 - 0x00007ff806374000 	C:\Program Files\Android\Android Studio\jre\bin\nio.dll
0x00007ffffda60000 - 0x00007ffffda87000 	C:\Users\yacka\.gradle\native\8bec1ad78214c89d9ad589b4d07fe93259594b29d510b10fafb7a158f7737e5d\windows-amd64\native-platform.dll
0x00007fffd9260000 - 0x00007fffd939d000 	C:\Users\yacka\.gradle\native\53dbd7edfb1c66fb8903c78663c9afc45aea4f116125fa6feffd364cf09443e8\windows-amd64\native-platform-file-events.dll
0x00007ff80dd90000 - 0x00007ff80dd9a000 	C:\Program Files\Android\Android Studio\jre\bin\management.dll
0x00007ff80c930000 - 0x00007ff80c93d000 	C:\Program Files\Android\Android Studio\jre\bin\management_ext.dll
0x00007ff814100000 - 0x00007ff814118000 	C:\WINDOWS\SYSTEM32\CRYPTSP.dll
0x00007ff813820000 - 0x00007ff813854000 	C:\WINDOWS\system32\rsaenh.dll
0x00007ff814e40000 - 0x00007ff814e67000 	C:\WINDOWS\System32\bcrypt.dll
0x00007ff814650000 - 0x00007ff81467e000 	C:\WINDOWS\SYSTEM32\USERENV.dll
0x00007ff814120000 - 0x00007ff81412c000 	C:\WINDOWS\SYSTEM32\CRYPTBASE.dll
0x00007ff813bb0000 - 0x00007ff813beb000 	C:\WINDOWS\SYSTEM32\IPHLPAPI.DLL
0x00007ff815870000 - 0x00007ff815878000 	C:\WINDOWS\System32\NSI.dll
0x00007ff808450000 - 0x00007ff808467000 	C:\WINDOWS\SYSTEM32\dhcpcsvc6.DLL
0x00007ff80bea0000 - 0x00007ff80bebd000 	C:\WINDOWS\SYSTEM32\dhcpcsvc.DLL
0x00007ff813c00000 - 0x00007ff813cca000 	C:\WINDOWS\SYSTEM32\DNSAPI.dll

dbghelp: loaded successfully - version: 4.0.5 - missing functions: none
symbol engine: initialized successfully - sym options: 0x614 - pdb path: .;C:\Program Files\Android\Android Studio\jre\bin;C:\WINDOWS\SYSTEM32;C:\WINDOWS\WinSxS\amd64_microsoft.windows.common-controls_6595b64144ccf1df_6.0.19041.1110_none_60b5254171f9507e;C:\Program Files\Android\Android Studio\jre\bin\server;C:\Users\yacka\.gradle\native\8bec1ad78214c89d9ad589b4d07fe93259594b29d510b10fafb7a158f7737e5d\windows-amd64;C:\Users\yacka\.gradle\native\53dbd7edfb1c66fb8903c78663c9afc45aea4f116125fa6feffd364cf09443e8\windows-amd64

VM Arguments:
jvm_args: --add-opens=java.base/java.util=ALL-UNNAMED --add-opens=java.base/java.lang=ALL-UNNAMED --add-opens=java.base/java.lang.invoke=ALL-UNNAMED --add-opens=java.base/java.util=ALL-UNNAMED --add-opens=java.prefs/java.util.prefs=ALL-UNNAMED --add-opens=java.prefs/java.util.prefs=ALL-UNNAMED --add-opens=java.base/java.nio.charset=ALL-UNNAMED --add-opens=java.base/java.net=ALL-UNNAMED --add-opens=java.base/java.util.concurrent.atomic=ALL-UNNAMED -Xmx2048m -Dfile.encoding=UTF-8 -Duser.country=KR -Duser.language=ko -Duser.variant 
java_command: org.gradle.launcher.daemon.bootstrap.GradleDaemon 7.0.2
java_class_path (initial): C:\Users\yacka\.gradle\wrapper\dists\gradle-7.0.2-bin\857tjihv64xamwrf0h14cai3r\gradle-7.0.2\lib\gradle-launcher-7.0.2.jar
Launcher Type: SUN_STANDARD

[Global flags]
     intx CICompilerCount                          = 4                                         {product} {ergonomic}
     uint ConcGCThreads                            = 2                                         {product} {ergonomic}
     uint G1ConcRefinementThreads                  = 8                                         {product} {ergonomic}
   size_t G1HeapRegionSize                         = 1048576                                   {product} {ergonomic}
    uintx GCDrainStackTargetSize                   = 64                                        {product} {ergonomic}
   size_t InitialHeapSize                          = 132120576                                 {product} {ergonomic}
   size_t MarkStackSize                            = 4194304                                   {product} {ergonomic}
   size_t MaxHeapSize                              = 2147483648                                {product} {command line}
   size_t MaxNewSize                               = 1287651328                                {product} {ergonomic}
   size_t MinHeapDeltaBytes                        = 1048576                                   {product} {ergonomic}
    uintx NonNMethodCodeHeapSize                   = 5836300                                {pd product} {ergonomic}
    uintx NonProfiledCodeHeapSize                  = 122910970                              {pd product} {ergonomic}
    uintx ProfiledCodeHeapSize                     = 122910970                              {pd product} {ergonomic}
    uintx ReservedCodeCacheSize                    = 251658240                              {pd product} {ergonomic}
     bool SegmentedCodeCache                       = true                                      {product} {ergonomic}
     bool UseCompressedClassPointers               = true                                 {lp64_product} {ergonomic}
     bool UseCompressedOops                        = true                                 {lp64_product} {ergonomic}
     bool UseG1GC                                  = true                                      {product} {ergonomic}
     bool UseLargePagesIndividualAllocation        = false                                  {pd product} {ergonomic}

Logging:
Log output configuration:
 #0: stdout all=warning uptime,level,tags
 #1: stderr all=off uptime,level,tags

Environment Variables:
PATH=C:\Program Files (x86)\Common Files\Oracle\Java\javapath;C:\Python\Python36\Scripts\;C:\Python\Python36\;C:\WINDOWS\system32;C:\WINDOWS;C:\WINDOWS\System32\Wbem;C:\WINDOWS\System32\WindowsPowerShell\v1.0\;C:\WINDOWS\System32\OpenSSH\;C:\Program Files\Git\cmd;C:\Program Files\GitHub CLI\;C:\Program Files\Git LFS;C:\Users\yacka\AppData\Local\Microsoft\WindowsApps;C:\Program Files\Bandizip\;C:\Users\yacka\AppData\Local\gitkraken\bin;C:\Users\yacka\AppData\Local\GitHubDesktop\bin;C:\Users\yacka\AppData\Local\Programs\Microsoft VS Code\bin
USERNAME=Yackak
OS=Windows_NT
PROCESSOR_IDENTIFIER=Intel64 Family 6 Model 166 Stepping 0, GenuineIntel



---------------  S Y S T E M  ---------------

OS: Windows 10 , 64 bit Build 19041 (10.0.19041.1889)
OS uptime: 21 days 2:30 hours

CPU:total 8 (initial active 8) (4 cores per cpu, 2 threads per core) family 6 model 166 stepping 0 microcode 0xc6, cmov, cx8, fxsr, mmx, sse, sse2, sse3, ssse3, sse4.1, sse4.2, popcnt, avx, avx2, aes, clmul, erms, 3dnowpref, lzcnt, ht, tsc, tscinvbit, bmi1, bmi2, adx, fma

Memory: 4k page, system-wide physical 8006M (451M free)
TotalPageFile size 31760M (AvailPageFile size 1042M)
current process WorkingSet (physical memory assigned to process): 265M, peak: 266M
current process commit charge ("private bytes"): 323M, peak: 325M

vm_info: OpenJDK 64-Bit Server VM (11.0.12+7-b1504.28-7817840) for windows-amd64 JRE (11.0.12+7-b1504.28-7817840), built on Oct 13 2021 22:12:33 by "builder" with MS VC++ 14.0 (VS2015)

END.
